[+] Containers:
 |- [+] Container: /Game/ThirdPerson/Maps/ThirdPersonMap
 |   |- [+] ActorDescs:
 |   |   |- Guid:0A49315B435D5E27DCE58CBE5B3609F7 BaseClass:/Game/PsiCorps_Galactic/Blueprints/Enemy_AI/BP_Aggro.BP_Aggro_C NativeClass:/Script/Engine.Pawn Name:BP_Aggro_C_UAID_548D5AFAB70BF3E501_1444272754 Label:BP_Aggro2 SpatiallyLoaded:1 Bounds:IsValid=true, Min=(X=16015.962 Y=-847.140 Z=655.042), Max=(X=16331.588 Y=-687.140 Z=815.042) RuntimeGrid:None EditorOnly:0 RuntimeOnly:0 HLODRelevant:0 ListedInSceneOutliner:1 IsMainWorldOnly:0
 |   |   |- Guid:194B250040DCF8F793D8F291768A1821 BaseClass:/Game/PsiCorps_Galactic/Blueprints/Enemy_AI/BP_Aggro.BP_Aggro_C NativeClass:/Script/Engine.Pawn Name:BP_Aggro_C_UAID_548D5AFAB70BF3E501_1494013766 Label:BP_Aggro14 SpatiallyLoaded:1 Bounds:IsValid=true, Min=(X=23223.423 Y=8016.288 Z=-2444.551), Max=(X=23539.049 Y=8176.288 Z=-2284.551) RuntimeGrid:None EditorOnly:0 RuntimeOnly:0 HLODRelevant:0 ListedInSceneOutliner:1 IsMainWorldOnly:0
 |   |   |- Guid:218CAE6B40AFB095C706A398773FDFF9 BaseClass:/Game/PsiCorps_Galactic/Blueprints/Enemy_AI/BP_PatrolLocation.BP_PatrolLocation_C NativeClass:/Script/Engine.Actor Name:BP_PatrolLocation_C_UAID_548D5AFAB70BE0E501_1685364410 Label:BP_PatrolLocation3 SpatiallyLoaded:1 Bounds:IsValid=true, Min=(X=26888.457 Y=2140.000 Z=3801.725), Max=(X=26908.457 Y=2160.000 Z=3821.725) RuntimeGrid:None EditorOnly:0 RuntimeOnly:0 HLODRelevant:0 ListedInSceneOutliner:1 IsMainWorldOnly:0
 |   |   |- Guid:2C4DE26E4764E6560F59CDABD4D99D87 BaseClass:/Game/PsiCorps_Galactic/Blueprints/Enemy_AI/BP_Aggro.BP_Aggro_C NativeClass:/Script/Engine.Pawn Name:BP_Aggro_C_UAID_548D5AFAB70BF3E501_1486778763 Label:BP_Aggro11 SpatiallyLoaded:1 Bounds:IsValid=true, Min=(X=26816.666 Y=-4049.124 Z=655.042), Max=(X=27132.292 Y=-3889.124 Z=815.042) RuntimeGrid:None EditorOnly:0 RuntimeOnly:0 HLODRelevant:0 ListedInSceneOutliner:1 IsMainWorldOnly:0
 |   |   |- Guid:2F5EE86645F3BB01DCAB2795B85B3BF5 BaseClass:/Game/PsiCorps_Galactic/Blueprints/Enemy_AI/BP_Aggro.BP_Aggro_C NativeClass:/Script/Engine.Pawn Name:BP_Aggro_C_UAID_548D5AFAB70BF3E501_1463588757 Label:BP_Aggro5 SpatiallyLoaded:1 Bounds:IsValid=true, Min=(X=16015.962 Y=1103.585 Z=200.029), Max=(X=16331.588 Y=1263.585 Z=360.029) RuntimeGrid:None EditorOnly:0 RuntimeOnly:0 HLODRelevant:0 ListedInSceneOutliner:1 IsMainWorldOnly:0
 |   |   |- Guid:2FB58999456391D349DC0F86DAC136ED BaseClass: NativeClass:/Script/Engine.SkyLight Name:SkyLight_1 Label:SkyLight SpatiallyLoaded:0 Bounds:IsValid=true, Min=(X=0.000 Y=0.000 Z=690.000), Max=(X=0.000 Y=0.000 Z=690.000) RuntimeGrid:None EditorOnly:0 RuntimeOnly:0 HLODRelevant:0 ListedInSceneOutliner:1 IsMainWorldOnly:0 FolderPath:Lighting FolderGuid:963EC3EB4002CCE9759E2EBA541A873A
 |   |   |- Guid:316CF2A6494ACA4C0E4180A87D36AB8F BaseClass: NativeClass:/Script/Engine.ExponentialHeightFog Name:ExponentialHeightFog_0 Label:ExponentialHeightFog SpatiallyLoaded:0 Bounds:IsValid=true, Min=(X=-5600.000 Y=-50.000 Z=-6850.000), Max=(X=-5600.000 Y=-50.000 Z=-6850.000) RuntimeGrid:None EditorOnly:0 RuntimeOnly:0 HLODRelevant:0 ListedInSceneOutliner:1 IsMainWorldOnly:0 FolderPath:Lighting FolderGuid:963EC3EB4002CCE9759E2EBA541A873A
 |   |   |- Guid:371978964A0208BFA09E4B9AF12F4AC6 BaseClass:/Game/PsiCorps_Galactic/Blueprints/Enemy_AI/BP_Aggro.BP_Aggro_C NativeClass:/Script/Engine.Pawn Name:BP_Aggro_C_UAID_548D5AFAB70BF3E501_1480997760 Label:BP_Aggro8 SpatiallyLoaded:1 Bounds:IsValid=true, Min=(X=21283.708 Y=-847.140 Z=655.042), Max=(X=21599.334 Y=-687.140 Z=815.042) RuntimeGrid:None EditorOnly:0 RuntimeOnly:0 HLODRelevant:0 ListedInSceneOutliner:1 IsMainWorldOnly:0
 |   |   |- Guid:3A00AA1C422CE54C0BDB60BAF471BFBB BaseClass: NativeClass:/Script/Engine.PlayerStart Name:PlayerStart_0 Label:PlayerStart SpatiallyLoaded:0 Bounds:IsValid=true, Min=(X=860.000 Y=1070.000 Z=0.013), Max=(X=940.000 Y=1150.000 Z=184.013) RuntimeGrid:None EditorOnly:0 RuntimeOnly:0 HLODRelevant:0 ListedInSceneOutliner:1 IsMainWorldOnly:0
 |   |   |- Guid:421BDF134773D87887300091E665E5EB BaseClass:/Game/PsiCorps_Galactic/Blueprints/Enemy_AI/BP_Aggro.BP_Aggro_C NativeClass:/Script/Engine.Pawn Name:BP_Aggro_C_UAID_548D5AFAB70BF2E501_1824431576 Label:BP_Aggro SpatiallyLoaded:1 Bounds:IsValid=true, Min=(X=16015.962 Y=1852.973 Z=655.042), Max=(X=16331.588 Y=2012.973 Z=815.042) RuntimeGrid:None EditorOnly:0 RuntimeOnly:0 HLODRelevant:0 ListedInSceneOutliner:1 IsMainWorldOnly:0
 |   |   |- Guid:4D3BE93F4146AAAC8BBE79999D96D57F BaseClass: NativeClass:/Script/Engine.VolumetricCloud Name:VolumetricCloud_0 Label:VolumetricCloud SpatiallyLoaded:0 Bounds:IsValid=true, Min=(X=0.000 Y=0.000 Z=820.000), Max=(X=0.000 Y=0.000 Z=820.000) RuntimeGrid:None EditorOnly:0 RuntimeOnly:0 HLODRelevant:0 ListedInSceneOutliner:1 IsMainWorldOnly:0 FolderPath:Lighting FolderGuid:963EC3EB4002CCE9759E2EBA541A873A
 |   |   |- Guid:5D2F940447E118CD30EE61BBA5260284 BaseClass:/Game/PsiCorps_Galactic/Blueprints/Enemy_AI/BP_Aggro.BP_Aggro_C NativeClass:/Script/Engine.Pawn Name:BP_Aggro_C_UAID_548D5AFAB70BF3E501_1489814764 Label:BP_Aggro12 SpatiallyLoaded:1 Bounds:IsValid=true, Min=(X=26816.666 Y=1569.093 Z=655.042), Max=(X=27132.292 Y=1729.093 Z=815.042) RuntimeGrid:None EditorOnly:0 RuntimeOnly:0 HLODRelevant:0 ListedInSceneOutliner:1 IsMainWorldOnly:0
 |   |   |- Guid:6A85899547CD4A937F7AB7AE898E96A9 BaseClass:/Game/PsiCorps_Galactic/Blueprints/Enemy_AI/BP_Aggro.BP_Aggro_C NativeClass:/Script/Engine.Pawn Name:BP_Aggro_C_UAID_548D5AFAB70BF3E501_1468935758 Label:BP_Aggro6 SpatiallyLoaded:1 Bounds:IsValid=true, Min=(X=14146.830 Y=1103.585 Z=200.029), Max=(X=14462.456 Y=1263.585 Z=360.029) RuntimeGrid:None EditorOnly:0 RuntimeOnly:0 HLODRelevant:0 ListedInSceneOutliner:1 IsMainWorldOnly:0
 |   |   |- Guid:6BAF4DDD444C60371492D3919DB42C97 BaseClass: NativeClass:/Script/Engine.WorldDataLayers Name:WorldDataLayers Label:WorldDataLayers SpatiallyLoaded:0 Bounds:IsValid=true, Min=(X=0.000 Y=0.000 Z=0.000), Max=(X=0.000 Y=0.000 Z=0.000) RuntimeGrid:None EditorOnly:0 RuntimeOnly:0 HLODRelevant:0 ListedInSceneOutliner:1 IsMainWorldOnly:1
 |   |   |- Guid:830EE1A6410FC25D7B2BD593AC3E054B BaseClass:/Game/PsiCorps_Galactic/Blueprints/Enemy_AI/BP_Aggro.BP_Aggro_C NativeClass:/Script/Engine.Pawn Name:BP_Aggro_C_UAID_548D5AFAB70BF3E501_1449983755 Label:BP_Aggro3 SpatiallyLoaded:1 Bounds:IsValid=true, Min=(X=16015.962 Y=-2862.511 Z=1377.286), Max=(X=16331.588 Y=-2702.511 Z=1537.286) RuntimeGrid:None EditorOnly:0 RuntimeOnly:0 HLODRelevant:0 ListedInSceneOutliner:1 IsMainWorldOnly:0
 |   |   |- Guid:8D43C74C46F14FC272AEDDB380C6A51B BaseClass:/Game/PsiCorps_Galactic/Blueprints/Enemy_AI/BP_Aggro.BP_Aggro_C NativeClass:/Script/Engine.Pawn Name:BP_Aggro_C_UAID_548D5AFAB70BF3E501_1473725759 Label:BP_Aggro7 SpatiallyLoaded:1 Bounds:IsValid=true, Min=(X=14146.830 Y=1103.585 Z=1512.467), Max=(X=14462.456 Y=1263.585 Z=1672.467) RuntimeGrid:None EditorOnly:0 RuntimeOnly:0 HLODRelevant:0 ListedInSceneOutliner:1 IsMainWorldOnly:0
 |   |   |- Guid:917F58D246A9A4095FEDA3B9AAB29927 BaseClass:/Game/PsiCorps_Galactic/Blueprints/Enemy_AI/BP_PatrolLocation.BP_PatrolLocation_C NativeClass:/Script/Engine.Actor Name:BP_PatrolLocation_C_UAID_548D5AFAB70BE0E501_1678968409 Label:BP_PatrolLocation2 SpatiallyLoaded:1 Bounds:IsValid=true, Min=(X=17710.118 Y=4771.774 Z=-466.876), Max=(X=17730.118 Y=4791.774 Z=-446.876) RuntimeGrid:None EditorOnly:0 RuntimeOnly:0 HLODRelevant:0 ListedInSceneOutliner:1 IsMainWorldOnly:0
 |   |   |- Guid:9207575D48B018337E21C587ACAC799A BaseClass:/Game/PsiCorps_Galactic/Blueprints/Enemy_AI/BP_Aggro.BP_Aggro_C NativeClass:/Script/Engine.Pawn Name:BP_Aggro_C_UAID_548D5AFAB70BF3E501_1484954762 Label:BP_Aggro10 SpatiallyLoaded:1 Bounds:IsValid=true, Min=(X=21283.708 Y=-4049.118 Z=655.042), Max=(X=21599.334 Y=-3889.118 Z=815.042) RuntimeGrid:None EditorOnly:0 RuntimeOnly:0 HLODRelevant:0 ListedInSceneOutliner:1 IsMainWorldOnly:0
 |   |   |- Guid:96E1B8574C0B0579339373A53314AB15 BaseClass:/Game/PsiCorps_Galactic/Blueprints/Enemy_AI/BP_Aggro.BP_Aggro_C NativeClass:/Script/Engine.Pawn Name:BP_Aggro_C_UAID_548D5AFAB70BF3E501_1458015756 Label:BP_Aggro4 SpatiallyLoaded:1 Bounds:IsValid=true, Min=(X=16015.962 Y=-2862.511 Z=200.029), Max=(X=16331.588 Y=-2702.511 Z=360.029) RuntimeGrid:None EditorOnly:0 RuntimeOnly:0 HLODRelevant:0 ListedInSceneOutliner:1 IsMainWorldOnly:0
 |   |   |- Guid:A5532C7C46B321F0D59591853CF101B3 BaseClass:/Game/PsiCorps_Galactic/Blueprints/Enemy_AI/BP_Aggro.BP_Aggro_C NativeClass:/Script/Engine.Pawn Name:BP_Aggro_C_UAID_548D5AFAB70BF3E501_1491183765 Label:BP_Aggro13 SpatiallyLoaded:1 Bounds:IsValid=true, Min=(X=26816.666 Y=8016.287 Z=-2444.551), Max=(X=27132.292 Y=8176.287 Z=-2284.551) RuntimeGrid:None EditorOnly:0 RuntimeOnly:0 HLODRelevant:0 ListedInSceneOutliner:1 IsMainWorldOnly:0
 |   |   |- Guid:ADF5E9ED47FD58A0694BED9A63C4CA9B BaseClass:/Game/PsiCorps_Galactic/Blueprints/Enemy_AI/BP_Aggro.BP_Aggro_C NativeClass:/Script/Engine.Pawn Name:BP_Aggro_C_UAID_548D5AFAB70BF3E501_1483600761 Label:BP_Aggro9 SpatiallyLoaded:1 Bounds:IsValid=true, Min=(X=21283.708 Y=2985.328 Z=655.042), Max=(X=21599.334 Y=3145.328 Z=815.042) RuntimeGrid:None EditorOnly:0 RuntimeOnly:0 HLODRelevant:0 ListedInSceneOutliner:1 IsMainWorldOnly:0
 |   |   |- Guid:B785ED2844B84CFB91E7F39FE661CD99 BaseClass: NativeClass:/Script/Engine.DirectionalLight Name:DirectionalLight_0 Label:DirectionalLight SpatiallyLoaded:0 Bounds:IsValid=true, Min=(X=-1048576.000 Y=-1048576.000 Z=-1048576.000), Max=(X=1048576.000 Y=1048576.000 Z=1048576.000) RuntimeGrid:None EditorOnly:0 RuntimeOnly:0 HLODRelevant:0 ListedInSceneOutliner:1 IsMainWorldOnly:0 FolderPath:Lighting FolderGuid:963EC3EB4002CCE9759E2EBA541A873A
 |   |   |- Guid:CCFF262C46EEFFDF319E7F9539CE697E BaseClass: NativeClass:/Script/Engine.SkyAtmosphere Name:SkyAtmosphere_0 Label:SkyAtmosphere SpatiallyLoaded:0 Bounds:IsValid=true, Min=(X=0.000 Y=0.000 Z=1020.000), Max=(X=0.000 Y=0.000 Z=1020.000) RuntimeGrid:None EditorOnly:0 RuntimeOnly:0 HLODRelevant:0 ListedInSceneOutliner:1 IsMainWorldOnly:0 FolderPath:Lighting FolderGuid:963EC3EB4002CCE9759E2EBA541A873A
 |   |   |- Guid:CE477BA041FB5D95E87F1BBFEE3D293A BaseClass:/Game/PsiCorps_Galactic/Blueprints/Enemy_AI/BP_PatrolLocation.BP_PatrolLocation_C NativeClass:/Script/Engine.Actor Name:BP_PatrolLocation_C_UAID_548D5AFAB70BE0E501_1672529408 Label:BP_PatrolLocation SpatiallyLoaded:1 Bounds:IsValid=true, Min=(X=9191.880 Y=-4971.243 Z=240.000), Max=(X=9211.880 Y=-4951.243 Z=260.000) RuntimeGrid:None EditorOnly:0 RuntimeOnly:0 HLODRelevant:0 ListedInSceneOutliner:1 IsMainWorldOnly:0
 |   |   |- Guid:EC4E0C944CE6AC6E784BC6BB2916EA13 BaseClass: NativeClass:/Script/Engine.StaticMeshActor Name:StaticMeshActor_UAID_A4AE111137DC5EFB00_1110535423 Label:SM_SkySphere SpatiallyLoaded:0 Bounds:IsValid=true, Min=(X=-1638400.000 Y=-1638400.000 Z=-1638400.000), Max=(X=1638400.000 Y=1638400.000 Z=1638400.000) RuntimeGrid:None EditorOnly:0 RuntimeOnly:0 HLODRelevant:1 ListedInSceneOutliner:1 IsMainWorldOnly:0 FolderPath:Lighting FolderGuid:963EC3EB4002CCE9759E2EBA541A873A
 |   |   |- Guid:F1924B8D48954B30891B2DB6A694F9CC BaseClass: NativeClass:/Script/Engine.StaticMeshActor Name:StaticMeshActor_1 Label:SM_Cube SpatiallyLoaded:1 Bounds:IsValid=true, Min=(X=712.435 Y=762.947 Z=-50.000), Max=(X=1337.435 Y=1437.947 Z=0.000) RuntimeGrid:None EditorOnly:0 RuntimeOnly:0 HLODRelevant:0 ListedInSceneOutliner:1 IsMainWorldOnly:0 FolderPath:Playground FolderGuid:C73F09FC4215536B1DCE2A9E0A830C70
 |   |   |- Guid:F1DC30104D451D8AA9A4909920D2925E BaseClass:/Game/PsiCorps_Galactic/Blueprints/Enemy_AI/BP_PatrolLocation.BP_PatrolLocation_C NativeClass:/Script/Engine.Actor Name:BP_PatrolLocation_C_UAID_548D5AFAB70BE0E501_1692075411 Label:BP_PatrolLocation4 SpatiallyLoaded:1 Bounds:IsValid=true, Min=(X=16772.762 Y=-7003.784 Z=758.277), Max=(X=16792.762 Y=-6983.784 Z=778.277) RuntimeGrid:None EditorOnly:0 RuntimeOnly:0 HLODRelevant:0 ListedInSceneOutliner:1 IsMainWorldOnly:0
 |   |   |- Guid:F5E3FEB3450C49844FD93DA8E083C8AD BaseClass: NativeClass:/Script/Engine.PostProcessVolume Name:PostProcessVolume_0 Label:PostProcessVolume SpatiallyLoaded:0 Bounds:IsValid=true, Min=(X=0.000 Y=0.000 Z=400.000), Max=(X=200.000 Y=200.000 Z=600.000) RuntimeGrid:None EditorOnly:0 RuntimeOnly:0 HLODRelevant:0 ListedInSceneOutliner:1 IsMainWorldOnly:0 FolderPath:Lighting FolderGuid:963EC3EB4002CCE9759E2EBA541A873A
 |   |- [+] Clusters:
 |   |   |- [+] [  0]
 |   |   |   |- Guid:0A49315B435D5E27DCE58CBE5B3609F7 BaseClass:/Game/PsiCorps_Galactic/Blueprints/Enemy_AI/BP_Aggro.BP_Aggro_C NativeClass:/Script/Engine.Pawn Name:BP_Aggro_C_UAID_548D5AFAB70BF3E501_1444272754 Label:BP_Aggro2 SpatiallyLoaded:1 Bounds:IsValid=true, Min=(X=16015.962 Y=-847.140 Z=655.042), Max=(X=16331.588 Y=-687.140 Z=815.042) RuntimeGrid:None EditorOnly:0 RuntimeOnly:0 HLODRelevant:0 ListedInSceneOutliner:1 IsMainWorldOnly:0
 |   |   |   |- Guid:194B250040DCF8F793D8F291768A1821 BaseClass:/Game/PsiCorps_Galactic/Blueprints/Enemy_AI/BP_Aggro.BP_Aggro_C NativeClass:/Script/Engine.Pawn Name:BP_Aggro_C_UAID_548D5AFAB70BF3E501_1494013766 Label:BP_Aggro14 SpatiallyLoaded:1 Bounds:IsValid=true, Min=(X=23223.423 Y=8016.288 Z=-2444.551), Max=(X=23539.049 Y=8176.288 Z=-2284.551) RuntimeGrid:None EditorOnly:0 RuntimeOnly:0 HLODRelevant:0 ListedInSceneOutliner:1 IsMainWorldOnly:0
 |   |   |   |- Guid:218CAE6B40AFB095C706A398773FDFF9 BaseClass:/Game/PsiCorps_Galactic/Blueprints/Enemy_AI/BP_PatrolLocation.BP_PatrolLocation_C NativeClass:/Script/Engine.Actor Name:BP_PatrolLocation_C_UAID_548D5AFAB70BE0E501_1685364410 Label:BP_PatrolLocation3 SpatiallyLoaded:1 Bounds:IsValid=true, Min=(X=26888.457 Y=2140.000 Z=3801.725), Max=(X=26908.457 Y=2160.000 Z=3821.725) RuntimeGrid:None EditorOnly:0 RuntimeOnly:0 HLODRelevant:0 ListedInSceneOutliner:1 IsMainWorldOnly:0
 |   |   |   |- Guid:2C4DE26E4764E6560F59CDABD4D99D87 BaseClass:/Game/PsiCorps_Galactic/Blueprints/Enemy_AI/BP_Aggro.BP_Aggro_C NativeClass:/Script/Engine.Pawn Name:BP_Aggro_C_UAID_548D5AFAB70BF3E501_1486778763 Label:BP_Aggro11 SpatiallyLoaded:1 Bounds:IsValid=true, Min=(X=26816.666 Y=-4049.124 Z=655.042), Max=(X=27132.292 Y=-3889.124 Z=815.042) RuntimeGrid:None EditorOnly:0 RuntimeOnly:0 HLODRelevant:0 ListedInSceneOutliner:1 IsMainWorldOnly:0
 |   |   |   |- Guid:2F5EE86645F3BB01DCAB2795B85B3BF5 BaseClass:/Game/PsiCorps_Galactic/Blueprints/Enemy_AI/BP_Aggro.BP_Aggro_C NativeClass:/Script/Engine.Pawn Name:BP_Aggro_C_UAID_548D5AFAB70BF3E501_1463588757 Label:BP_Aggro5 SpatiallyLoaded:1 Bounds:IsValid=true, Min=(X=16015.962 Y=1103.585 Z=200.029), Max=(X=16331.588 Y=1263.585 Z=360.029) RuntimeGrid:None EditorOnly:0 RuntimeOnly:0 HLODRelevant:0 ListedInSceneOutliner:1 IsMainWorldOnly:0
 |   |   |   |- Guid:371978964A0208BFA09E4B9AF12F4AC6 BaseClass:/Game/PsiCorps_Galactic/Blueprints/Enemy_AI/BP_Aggro.BP_Aggro_C NativeClass:/Script/Engine.Pawn Name:BP_Aggro_C_UAID_548D5AFAB70BF3E501_1480997760 Label:BP_Aggro8 SpatiallyLoaded:1 Bounds:IsValid=true, Min=(X=21283.708 Y=-847.140 Z=655.042), Max=(X=21599.334 Y=-687.140 Z=815.042) RuntimeGrid:None EditorOnly:0 RuntimeOnly:0 HLODRelevant:0 ListedInSceneOutliner:1 IsMainWorldOnly:0
 |   |   |   |- Guid:421BDF134773D87887300091E665E5EB BaseClass:/Game/PsiCorps_Galactic/Blueprints/Enemy_AI/BP_Aggro.BP_Aggro_C NativeClass:/Script/Engine.Pawn Name:BP_Aggro_C_UAID_548D5AFAB70BF2E501_1824431576 Label:BP_Aggro SpatiallyLoaded:1 Bounds:IsValid=true, Min=(X=16015.962 Y=1852.973 Z=655.042), Max=(X=16331.588 Y=2012.973 Z=815.042) RuntimeGrid:None EditorOnly:0 RuntimeOnly:0 HLODRelevant:0 ListedInSceneOutliner:1 IsMainWorldOnly:0
 |   |   |   |- Guid:5D2F940447E118CD30EE61BBA5260284 BaseClass:/Game/PsiCorps_Galactic/Blueprints/Enemy_AI/BP_Aggro.BP_Aggro_C NativeClass:/Script/Engine.Pawn Name:BP_Aggro_C_UAID_548D5AFAB70BF3E501_1489814764 Label:BP_Aggro12 SpatiallyLoaded:1 Bounds:IsValid=true, Min=(X=26816.666 Y=1569.093 Z=655.042), Max=(X=27132.292 Y=1729.093 Z=815.042) RuntimeGrid:None EditorOnly:0 RuntimeOnly:0 HLODRelevant:0 ListedInSceneOutliner:1 IsMainWorldOnly:0
 |   |   |   |- Guid:6A85899547CD4A937F7AB7AE898E96A9 BaseClass:/Game/PsiCorps_Galactic/Blueprints/Enemy_AI/BP_Aggro.BP_Aggro_C NativeClass:/Script/Engine.Pawn Name:BP_Aggro_C_UAID_548D5AFAB70BF3E501_1468935758 Label:BP_Aggro6 SpatiallyLoaded:1 Bounds:IsValid=true, Min=(X=14146.830 Y=1103.585 Z=200.029), Max=(X=14462.456 Y=1263.585 Z=360.029) RuntimeGrid:None EditorOnly:0 RuntimeOnly:0 HLODRelevant:0 ListedInSceneOutliner:1 IsMainWorldOnly:0
 |   |   |   |- Guid:830EE1A6410FC25D7B2BD593AC3E054B BaseClass:/Game/PsiCorps_Galactic/Blueprints/Enemy_AI/BP_Aggro.BP_Aggro_C NativeClass:/Script/Engine.Pawn Name:BP_Aggro_C_UAID_548D5AFAB70BF3E501_1449983755 Label:BP_Aggro3 SpatiallyLoaded:1 Bounds:IsValid=true, Min=(X=16015.962 Y=-2862.511 Z=1377.286), Max=(X=16331.588 Y=-2702.511 Z=1537.286) RuntimeGrid:None EditorOnly:0 RuntimeOnly:0 HLODRelevant:0 ListedInSceneOutliner:1 IsMainWorldOnly:0
 |   |   |   |- Guid:8D43C74C46F14FC272AEDDB380C6A51B BaseClass:/Game/PsiCorps_Galactic/Blueprints/Enemy_AI/BP_Aggro.BP_Aggro_C NativeClass:/Script/Engine.Pawn Name:BP_Aggro_C_UAID_548D5AFAB70BF3E501_1473725759 Label:BP_Aggro7 SpatiallyLoaded:1 Bounds:IsValid=true, Min=(X=14146.830 Y=1103.585 Z=1512.467), Max=(X=14462.456 Y=1263.585 Z=1672.467) RuntimeGrid:None EditorOnly:0 RuntimeOnly:0 HLODRelevant:0 ListedInSceneOutliner:1 IsMainWorldOnly:0
 |   |   |   |- Guid:9207575D48B018337E21C587ACAC799A BaseClass:/Game/PsiCorps_Galactic/Blueprints/Enemy_AI/BP_Aggro.BP_Aggro_C NativeClass:/Script/Engine.Pawn Name:BP_Aggro_C_UAID_548D5AFAB70BF3E501_1484954762 Label:BP_Aggro10 SpatiallyLoaded:1 Bounds:IsValid=true, Min=(X=21283.708 Y=-4049.118 Z=655.042), Max=(X=21599.334 Y=-3889.118 Z=815.042) RuntimeGrid:None EditorOnly:0 RuntimeOnly:0 HLODRelevant:0 ListedInSceneOutliner:1 IsMainWorldOnly:0
 |   |   |   |- Guid:96E1B8574C0B0579339373A53314AB15 BaseClass:/Game/PsiCorps_Galactic/Blueprints/Enemy_AI/BP_Aggro.BP_Aggro_C NativeClass:/Script/Engine.Pawn Name:BP_Aggro_C_UAID_548D5AFAB70BF3E501_1458015756 Label:BP_Aggro4 SpatiallyLoaded:1 Bounds:IsValid=true, Min=(X=16015.962 Y=-2862.511 Z=200.029), Max=(X=16331.588 Y=-2702.511 Z=360.029) RuntimeGrid:None EditorOnly:0 RuntimeOnly:0 HLODRelevant:0 ListedInSceneOutliner:1 IsMainWorldOnly:0
 |   |   |   |- Guid:A5532C7C46B321F0D59591853CF101B3 BaseClass:/Game/PsiCorps_Galactic/Blueprints/Enemy_AI/BP_Aggro.BP_Aggro_C NativeClass:/Script/Engine.Pawn Name:BP_Aggro_C_UAID_548D5AFAB70BF3E501_1491183765 Label:BP_Aggro13 SpatiallyLoaded:1 Bounds:IsValid=true, Min=(X=26816.666 Y=8016.287 Z=-2444.551), Max=(X=27132.292 Y=8176.287 Z=-2284.551) RuntimeGrid:None EditorOnly:0 RuntimeOnly:0 HLODRelevant:0 ListedInSceneOutliner:1 IsMainWorldOnly:0
 |   |   |   |- Guid:ADF5E9ED47FD58A0694BED9A63C4CA9B BaseClass:/Game/PsiCorps_Galactic/Blueprints/Enemy_AI/BP_Aggro.BP_Aggro_C NativeClass:/Script/Engine.Pawn Name:BP_Aggro_C_UAID_548D5AFAB70BF3E501_1483600761 Label:BP_Aggro9 SpatiallyLoaded:1 Bounds:IsValid=true, Min=(X=21283.708 Y=2985.328 Z=655.042), Max=(X=21599.334 Y=3145.328 Z=815.042) RuntimeGrid:None EditorOnly:0 RuntimeOnly:0 HLODRelevant:0 ListedInSceneOutliner:1 IsMainWorldOnly:0
 |   |   |   |- Guid:CE477BA041FB5D95E87F1BBFEE3D293A BaseClass:/Game/PsiCorps_Galactic/Blueprints/Enemy_AI/BP_PatrolLocation.BP_PatrolLocation_C NativeClass:/Script/Engine.Actor Name:BP_PatrolLocation_C_UAID_548D5AFAB70BE0E501_1672529408 Label:BP_PatrolLocation SpatiallyLoaded:1 Bounds:IsValid=true, Min=(X=9191.880 Y=-4971.243 Z=240.000), Max=(X=9211.880 Y=-4951.243 Z=260.000) RuntimeGrid:None EditorOnly:0 RuntimeOnly:0 HLODRelevant:0 ListedInSceneOutliner:1 IsMainWorldOnly:0
 |   |   |   |- Guid:F1DC30104D451D8AA9A4909920D2925E BaseClass:/Game/PsiCorps_Galactic/Blueprints/Enemy_AI/BP_PatrolLocation.BP_PatrolLocation_C NativeClass:/Script/Engine.Actor Name:BP_PatrolLocation_C_UAID_548D5AFAB70BE0E501_1692075411 Label:BP_PatrolLocation4 SpatiallyLoaded:1 Bounds:IsValid=true, Min=(X=16772.762 Y=-7003.784 Z=758.277), Max=(X=16792.762 Y=-6983.784 Z=778.277) RuntimeGrid:None EditorOnly:0 RuntimeOnly:0 HLODRelevant:0 ListedInSceneOutliner:1 IsMainWorldOnly:0
 |   |   |- [+] [  1]
 |   |   |   |- Guid:2FB58999456391D349DC0F86DAC136ED BaseClass: NativeClass:/Script/Engine.SkyLight Name:SkyLight_1 Label:SkyLight SpatiallyLoaded:0 Bounds:IsValid=true, Min=(X=0.000 Y=0.000 Z=690.000), Max=(X=0.000 Y=0.000 Z=690.000) RuntimeGrid:None EditorOnly:0 RuntimeOnly:0 HLODRelevant:0 ListedInSceneOutliner:1 IsMainWorldOnly:0 FolderPath:Lighting FolderGuid:963EC3EB4002CCE9759E2EBA541A873A
 |   |   |- [+] [  2]
 |   |   |   |- Guid:316CF2A6494ACA4C0E4180A87D36AB8F BaseClass: NativeClass:/Script/Engine.ExponentialHeightFog Name:ExponentialHeightFog_0 Label:ExponentialHeightFog SpatiallyLoaded:0 Bounds:IsValid=true, Min=(X=-5600.000 Y=-50.000 Z=-6850.000), Max=(X=-5600.000 Y=-50.000 Z=-6850.000) RuntimeGrid:None EditorOnly:0 RuntimeOnly:0 HLODRelevant:0 ListedInSceneOutliner:1 IsMainWorldOnly:0 FolderPath:Lighting FolderGuid:963EC3EB4002CCE9759E2EBA541A873A
 |   |   |- [+] [  3]
 |   |   |   |- Guid:3A00AA1C422CE54C0BDB60BAF471BFBB BaseClass: NativeClass:/Script/Engine.PlayerStart Name:PlayerStart_0 Label:PlayerStart SpatiallyLoaded:0 Bounds:IsValid=true, Min=(X=860.000 Y=1070.000 Z=0.013), Max=(X=940.000 Y=1150.000 Z=184.013) RuntimeGrid:None EditorOnly:0 RuntimeOnly:0 HLODRelevant:0 ListedInSceneOutliner:1 IsMainWorldOnly:0
 |   |   |- [+] [  4]
 |   |   |   |- Guid:4D3BE93F4146AAAC8BBE79999D96D57F BaseClass: NativeClass:/Script/Engine.VolumetricCloud Name:VolumetricCloud_0 Label:VolumetricCloud SpatiallyLoaded:0 Bounds:IsValid=true, Min=(X=0.000 Y=0.000 Z=820.000), Max=(X=0.000 Y=0.000 Z=820.000) RuntimeGrid:None EditorOnly:0 RuntimeOnly:0 HLODRelevant:0 ListedInSceneOutliner:1 IsMainWorldOnly:0 FolderPath:Lighting FolderGuid:963EC3EB4002CCE9759E2EBA541A873A
 |   |   |- [+] [  5]
 |   |   |   |- Guid:6BAF4DDD444C60371492D3919DB42C97 BaseClass: NativeClass:/Script/Engine.WorldDataLayers Name:WorldDataLayers Label:WorldDataLayers SpatiallyLoaded:0 Bounds:IsValid=true, Min=(X=0.000 Y=0.000 Z=0.000), Max=(X=0.000 Y=0.000 Z=0.000) RuntimeGrid:None EditorOnly:0 RuntimeOnly:0 HLODRelevant:0 ListedInSceneOutliner:1 IsMainWorldOnly:1
 |   |   |- [+] [  6]
 |   |   |   |- Guid:917F58D246A9A4095FEDA3B9AAB29927 BaseClass:/Game/PsiCorps_Galactic/Blueprints/Enemy_AI/BP_PatrolLocation.BP_PatrolLocation_C NativeClass:/Script/Engine.Actor Name:BP_PatrolLocation_C_UAID_548D5AFAB70BE0E501_1678968409 Label:BP_PatrolLocation2 SpatiallyLoaded:1 Bounds:IsValid=true, Min=(X=17710.118 Y=4771.774 Z=-466.876), Max=(X=17730.118 Y=4791.774 Z=-446.876) RuntimeGrid:None EditorOnly:0 RuntimeOnly:0 HLODRelevant:0 ListedInSceneOutliner:1 IsMainWorldOnly:0
 |   |   |- [+] [  7]
 |   |   |   |- Guid:B785ED2844B84CFB91E7F39FE661CD99 BaseClass: NativeClass:/Script/Engine.DirectionalLight Name:DirectionalLight_0 Label:DirectionalLight SpatiallyLoaded:0 Bounds:IsValid=true, Min=(X=-1048576.000 Y=-1048576.000 Z=-1048576.000), Max=(X=1048576.000 Y=1048576.000 Z=1048576.000) RuntimeGrid:None EditorOnly:0 RuntimeOnly:0 HLODRelevant:0 ListedInSceneOutliner:1 IsMainWorldOnly:0 FolderPath:Lighting FolderGuid:963EC3EB4002CCE9759E2EBA541A873A
 |   |   |- [+] [  8]
 |   |   |   |- Guid:CCFF262C46EEFFDF319E7F9539CE697E BaseClass: NativeClass:/Script/Engine.SkyAtmosphere Name:SkyAtmosphere_0 Label:SkyAtmosphere SpatiallyLoaded:0 Bounds:IsValid=true, Min=(X=0.000 Y=0.000 Z=1020.000), Max=(X=0.000 Y=0.000 Z=1020.000) RuntimeGrid:None EditorOnly:0 RuntimeOnly:0 HLODRelevant:0 ListedInSceneOutliner:1 IsMainWorldOnly:0 FolderPath:Lighting FolderGuid:963EC3EB4002CCE9759E2EBA541A873A
 |   |   |- [+] [  9]
 |   |   |   |- Guid:EC4E0C944CE6AC6E784BC6BB2916EA13 BaseClass: NativeClass:/Script/Engine.StaticMeshActor Name:StaticMeshActor_UAID_A4AE111137DC5EFB00_1110535423 Label:SM_SkySphere SpatiallyLoaded:0 Bounds:IsValid=true, Min=(X=-1638400.000 Y=-1638400.000 Z=-1638400.000), Max=(X=1638400.000 Y=1638400.000 Z=1638400.000) RuntimeGrid:None EditorOnly:0 RuntimeOnly:0 HLODRelevant:1 ListedInSceneOutliner:1 IsMainWorldOnly:0 FolderPath:Lighting FolderGuid:963EC3EB4002CCE9759E2EBA541A873A
 |   |   |- [+] [ 10]
 |   |   |   |- Guid:F1924B8D48954B30891B2DB6A694F9CC BaseClass: NativeClass:/Script/Engine.StaticMeshActor Name:StaticMeshActor_1 Label:SM_Cube SpatiallyLoaded:1 Bounds:IsValid=true, Min=(X=712.435 Y=762.947 Z=-50.000), Max=(X=1337.435 Y=1437.947 Z=0.000) RuntimeGrid:None EditorOnly:0 RuntimeOnly:0 HLODRelevant:0 ListedInSceneOutliner:1 IsMainWorldOnly:0 FolderPath:Playground FolderGuid:C73F09FC4215536B1DCE2A9E0A830C70
 |   |   |- [+] [ 11]
 |   |   |   |- Guid:F5E3FEB3450C49844FD93DA8E083C8AD BaseClass: NativeClass:/Script/Engine.PostProcessVolume Name:PostProcessVolume_0 Label:PostProcessVolume SpatiallyLoaded:0 Bounds:IsValid=true, Min=(X=0.000 Y=0.000 Z=400.000), Max=(X=200.000 Y=200.000 Z=600.000) RuntimeGrid:None EditorOnly:0 RuntimeOnly:0 HLODRelevant:0 ListedInSceneOutliner:1 IsMainWorldOnly:0 FolderPath:Lighting FolderGuid:963EC3EB4002CCE9759E2EBA541A873A
 |- ContainerInstances:
 |- [+] MainContainer:
 |   |-        ID: 00000000000000000000000000000000
 |   |-  ParentID: 00000000000000000000000000000000
 |   |-    Bounds: IsValid=false, Min=(X=0.000 Y=0.000 Z=0.000), Max=(X=0.000 Y=0.000 Z=0.000)
 |   |- Transform: 0.000000,0.000000,0.000000|0.000000,0.000000,-0.000000|1.000000,1.000000,1.000000
 |   |- Container: /Game/ThirdPerson/Maps/ThirdPersonMap
----------------------------------------------------------------------------------------------------------------
ThirdPersonMap - Persistent Level
----------------------------------------------------------------------------------------------------------------
[+] Content of ThirdPersonMap Persistent Level
 |- Always loaded Actor Count: 35 
 |- Actor Path: /Game/ThirdPerson/Maps/ThirdPersonMap.ThirdPersonMap:PersistentLevel.AbstractNavData-Default
 |- Actor Package: /Game/ThirdPerson/Maps/ThirdPersonMap
 |- Actor Path: /Game/ThirdPerson/Maps/ThirdPersonMap.ThirdPersonMap:PersistentLevel.BP_Aggro_C_UAID_548D5AFAB70BF2E501_1824431576
 |- Actor Package: /Game/__ExternalActors__/ThirdPerson/Maps/ThirdPersonMap/E/FX/T1MPRH1255PRANUNLYXWJ9
 |- Actor Path: /Game/ThirdPerson/Maps/ThirdPersonMap.ThirdPersonMap:PersistentLevel.BP_Aggro_C_UAID_548D5AFAB70BF3E501_1444272754
 |- Actor Package: /Game/__ExternalActors__/ThirdPerson/Maps/ThirdPersonMap/9/OD/J3OWTZWBFP2EKYYW47XFBT
 |- Actor Path: /Game/ThirdPerson/Maps/ThirdPersonMap.ThirdPersonMap:PersistentLevel.BP_Aggro_C_UAID_548D5AFAB70BF3E501_1449983755
 |- Actor Package: /Game/__ExternalActors__/ThirdPerson/Maps/ThirdPersonMap/5/28/RZ2EV5OIC9NQ3LA1DYTB98
 |- Actor Path: /Game/ThirdPerson/Maps/ThirdPersonMap.ThirdPersonMap:PersistentLevel.BP_Aggro_C_UAID_548D5AFAB70BF3E501_1458015756
 |- Actor Package: /Game/__ExternalActors__/ThirdPerson/Maps/ThirdPersonMap/B/3O/8JP0RF6UVMVE84ZXWVNFRZ
 |- Actor Path: /Game/ThirdPerson/Maps/ThirdPersonMap.ThirdPersonMap:PersistentLevel.BP_Aggro_C_UAID_548D5AFAB70BF3E501_1463588757
 |- Actor Package: /Game/__ExternalActors__/ThirdPerson/Maps/ThirdPersonMap/1/VA/H6RUHT6XMKJIBIIG8ROSND
 |- Actor Path: /Game/ThirdPerson/Maps/ThirdPersonMap.ThirdPersonMap:PersistentLevel.BP_Aggro_C_UAID_548D5AFAB70BF3E501_1468935758
 |- Actor Package: /Game/__ExternalActors__/ThirdPerson/Maps/ThirdPersonMap/3/RH/CMSZU67DESCLO7O5CIQLDZ
 |- Actor Path: /Game/ThirdPerson/Maps/ThirdPersonMap.ThirdPersonMap:PersistentLevel.BP_Aggro_C_UAID_548D5AFAB70BF3E501_1473725759
 |- Actor Package: /Game/__ExternalActors__/ThirdPerson/Maps/ThirdPersonMap/A/6C/1M2LWWVGXC6VYBTR06GVQJ
 |- Actor Path: /Game/ThirdPerson/Maps/ThirdPersonMap.ThirdPersonMap:PersistentLevel.BP_Aggro_C_UAID_548D5AFAB70BF3E501_1480997760
 |- Actor Package: /Game/__ExternalActors__/ThirdPerson/Maps/ThirdPersonMap/3/TV/RV7AW5CFZGO1FHYWON68ZY
 |- Actor Path: /Game/ThirdPerson/Maps/ThirdPersonMap.ThirdPersonMap:PersistentLevel.BP_Aggro_C_UAID_548D5AFAB70BF3E501_1483600761
 |- Actor Package: /Game/__ExternalActors__/ThirdPerson/Maps/ThirdPersonMap/0/5P/H7NOC18VTFDN72GNI9C4QQ
 |- Actor Path: /Game/ThirdPerson/Maps/ThirdPersonMap.ThirdPersonMap:PersistentLevel.BP_Aggro_C_UAID_548D5AFAB70BF3E501_1484954762
 |- Actor Package: /Game/__ExternalActors__/ThirdPerson/Maps/ThirdPersonMap/2/OL/3C66MIL2L1RHMEUBY6MWVR
 |- Actor Path: /Game/ThirdPerson/Maps/ThirdPersonMap.ThirdPersonMap:PersistentLevel.BP_Aggro_C_UAID_548D5AFAB70BF3E501_1486778763
 |- Actor Package: /Game/__ExternalActors__/ThirdPerson/Maps/ThirdPersonMap/B/74/6WWEZB43DMF3TXNW0Z4JOA
 |- Actor Path: /Game/ThirdPerson/Maps/ThirdPersonMap.ThirdPersonMap:PersistentLevel.BP_Aggro_C_UAID_548D5AFAB70BF3E501_1489814764
 |- Actor Package: /Game/__ExternalActors__/ThirdPerson/Maps/ThirdPersonMap/8/GE/1NGTD272GS1O4S847RV4NC
 |- Actor Path: /Game/ThirdPerson/Maps/ThirdPersonMap.ThirdPersonMap:PersistentLevel.BP_Aggro_C_UAID_548D5AFAB70BF3E501_1491183765
 |- Actor Package: /Game/__ExternalActors__/ThirdPerson/Maps/ThirdPersonMap/8/SZ/EOXFA545U65R1N0UJVVA2J
 |- Actor Path: /Game/ThirdPerson/Maps/ThirdPersonMap.ThirdPersonMap:PersistentLevel.BP_Aggro_C_UAID_548D5AFAB70BF3E501_1494013766
 |- Actor Package: /Game/__ExternalActors__/ThirdPerson/Maps/ThirdPersonMap/C/3E/CXGISBNNTFR75U039EKDZL
 |- Actor Path: /Game/ThirdPerson/Maps/ThirdPersonMap.ThirdPersonMap:PersistentLevel.BP_PatrolLocation_C_UAID_548D5AFAB70BE0E501_1672529408
 |- Actor Package: /Game/__ExternalActors__/ThirdPerson/Maps/ThirdPersonMap/6/NT/4T025PH59NHTHRDLCL2A2L
 |- Actor Path: /Game/ThirdPerson/Maps/ThirdPersonMap.ThirdPersonMap:PersistentLevel.BP_PatrolLocation_C_UAID_548D5AFAB70BE0E501_1678968409
 |- Actor Package: /Game/__ExternalActors__/ThirdPerson/Maps/ThirdPersonMap/B/NL/O4CUF4DLMP0V9NR18HB3NE
 |- Actor Path: /Game/ThirdPerson/Maps/ThirdPersonMap.ThirdPersonMap:PersistentLevel.BP_PatrolLocation_C_UAID_548D5AFAB70BE0E501_1685364410
 |- Actor Package: /Game/__ExternalActors__/ThirdPerson/Maps/ThirdPersonMap/A/9L/YWO2B1KB19MGABT785W63N
 |- Actor Path: /Game/ThirdPerson/Maps/ThirdPersonMap.ThirdPersonMap:PersistentLevel.BP_PatrolLocation_C_UAID_548D5AFAB70BE0E501_1692075411
 |- Actor Package: /Game/__ExternalActors__/ThirdPerson/Maps/ThirdPersonMap/B/6T/WJRMZ49YLNEMXK9BS3QDGU
 |- Actor Path: /Game/ThirdPerson/Maps/ThirdPersonMap.ThirdPersonMap:PersistentLevel.Brush_0
 |- Actor Package: /Game/ThirdPerson/Maps/ThirdPersonMap
 |- Actor Path: /Game/ThirdPerson/Maps/ThirdPersonMap.ThirdPersonMap:PersistentLevel.DefaultPhysicsVolume_0
 |- Actor Package: /Game/ThirdPerson/Maps/ThirdPersonMap
 |- Actor Path: /Game/ThirdPerson/Maps/ThirdPersonMap.ThirdPersonMap:PersistentLevel.DirectionalLight_0
 |- Actor Package: /Game/__ExternalActors__/ThirdPerson/Maps/ThirdPersonMap/5/R1/TS5OQ5CRUWFZYL1ZQ7I416
 |- Actor Path: /Game/ThirdPerson/Maps/ThirdPersonMap.ThirdPersonMap:PersistentLevel.ExponentialHeightFog_0
 |- Actor Package: /Game/__ExternalActors__/ThirdPerson/Maps/ThirdPersonMap/6/J7/N10XDC9G27EMLS5AGZ6AVV
 |- Actor Path: /Game/ThirdPerson/Maps/ThirdPersonMap.ThirdPersonMap:PersistentLevel.GameplayDebuggerPlayerManager_0
 |- Actor Package: /Game/ThirdPerson/Maps/ThirdPersonMap
 |- Actor Path: /Game/ThirdPerson/Maps/ThirdPersonMap.ThirdPersonMap:PersistentLevel.PlayerStart_0
 |- Actor Package: /Game/__ExternalActors__/ThirdPerson/Maps/ThirdPersonMap/D/DE/SWSI13675DVYIZ0N4NF7Y3
 |- Actor Path: /Game/ThirdPerson/Maps/ThirdPersonMap.ThirdPersonMap:PersistentLevel.PostProcessVolume_0
 |- Actor Package: /Game/__ExternalActors__/ThirdPerson/Maps/ThirdPersonMap/1/AZ/A7GPT109Y6ZTTJD4A7TXER
 |- Actor Path: /Game/ThirdPerson/Maps/ThirdPersonMap.ThirdPersonMap:PersistentLevel.SkyAtmosphere_0
 |- Actor Package: /Game/__ExternalActors__/ThirdPerson/Maps/ThirdPersonMap/4/LN/30UBDLYFFA5ZR7U4W4L4GG
 |- Actor Path: /Game/ThirdPerson/Maps/ThirdPersonMap.ThirdPersonMap:PersistentLevel.SkyLight_1
 |- Actor Package: /Game/__ExternalActors__/ThirdPerson/Maps/ThirdPersonMap/8/S1/DXUWD12MD3HRWVVXX076BY
 |- Actor Path: /Game/ThirdPerson/Maps/ThirdPersonMap.ThirdPersonMap:PersistentLevel.StaticMeshActor_1
 |- Actor Package: /Game/__ExternalActors__/ThirdPerson/Maps/ThirdPersonMap/6/YO/NG2R9BPZVA7ZDN0Z4VSTG6
 |- Actor Path: /Game/ThirdPerson/Maps/ThirdPersonMap.ThirdPersonMap:PersistentLevel.StaticMeshActor_UAID_A4AE111137DC5EFB00_1110535423
 |- Actor Package: /Game/__ExternalActors__/ThirdPerson/Maps/ThirdPersonMap/4/PN/2QISIGK5DJNQ05US8O8FXW
 |- Actor Path: /Game/ThirdPerson/Maps/ThirdPersonMap.ThirdPersonMap:PersistentLevel.ThirdPersonExampleMap_C_0
 |- Actor Package: /Game/ThirdPerson/Maps/ThirdPersonMap
 |- Actor Path: /Game/ThirdPerson/Maps/ThirdPersonMap.ThirdPersonMap:PersistentLevel.VolumetricCloud_0
 |- Actor Package: /Game/__ExternalActors__/ThirdPerson/Maps/ThirdPersonMap/3/EY/87SHEJN5UBEAN2K5OV1G6R
 |- Actor Path: /Game/ThirdPerson/Maps/ThirdPersonMap.ThirdPersonMap:PersistentLevel.WorldDataLayers
 |- Actor Package: /Game/__ExternalActors__/ThirdPerson/Maps/ThirdPersonMap/0/43/HYQWORMY4JDQ5X3OKZXFLC
 |- Actor Path: /Game/ThirdPerson/Maps/ThirdPersonMap.ThirdPersonMap:PersistentLevel.WorldInfo_0
 |- Actor Package: /Game/ThirdPerson/Maps/ThirdPersonMap
 |- Actor Path: /Game/ThirdPerson/Maps/ThirdPersonMap.ThirdPersonMap:PersistentLevel.WorldPartitionMiniMap_0
 |- Actor Package: /Game/__ExternalActors__/ThirdPerson/Maps/ThirdPersonMap/E/FR/LBG6LPN5JCL3FMVSI2CK6R

----------------------------------------------------------------------------------------------------------------
ThirdPersonMap - Runtime Spatial Hash - Streaming Grid - MainGrid
----------------------------------------------------------------------------------------------------------------
            Origin: X=0.000 Y=0.000 Z=0.000
         Cell Size: 12800
      World Bounds: IsValid=false, Min=(X=0.000 Y=0.000 Z=0.000), Max=(X=0.000 Y=0.000 Z=0.000)
     Loading Range: 25600.00
Block Slow Loading: No
 ClientOnlyVisible: No
            Origin: X=0.000 Y=0.000 Z=0.000

[+] Grid Levels: 1
 |- Level  0: Cell Count    0 | Cell Size   12800 | Actor Count    0 (0.0%)

[+] Content of Grid Level 0

